<?xml version="1.0" encoding="UTF-8" ?>
<testsuites name="vitest tests" tests="17" failures="10" errors="0" time="0.366174416">
    <testsuite name="tests/unit/shared/tests/unit/services.test.ts" timestamp="2025-08-07T03:25:44.015Z" hostname="Irfandis-MacBook-Pro.local" tests="17" failures="10" errors="0" skipped="0" time="0.366174416">
        <testcase classname="tests/unit/shared/tests/unit/services.test.ts" name="UserService &gt; should create a new user" time="0.0562695">
            <failure message="Failed to create user: Failed to create user: user not found after insert" type="Error">
Error: Failed to create user: Failed to create user: user not found after insert
 ❯ UserQueries.create src/db/src/utils/queries.ts:99:13
 ❯ tests/unit/shared/tests/unit/services.test.ts:71:20
            </failure>
        </testcase>
        <testcase classname="tests/unit/shared/tests/unit/services.test.ts" name="UserService &gt; should find user by telegram ID" time="0.104095125">
            <failure message="Cannot read properties of null (reading &apos;telegramId&apos;)" type="TypeError">
TypeError: Cannot read properties of null (reading &apos;telegramId&apos;)
 ❯ tests/unit/shared/tests/unit/services.test.ts:93:20
            </failure>
        </testcase>
        <testcase classname="tests/unit/shared/tests/unit/services.test.ts" name="UserService &gt; should return undefined for non-existent user" time="0.029389291">
        </testcase>
        <testcase classname="tests/unit/shared/tests/unit/services.test.ts" name="UserService &gt; should update user information" time="0.016652792">
            <failure message="expected undefined to be defined" type="AssertionError">
AssertionError: expected undefined to be defined
 ❯ tests/unit/shared/tests/unit/services.test.ts:109:20
            </failure>
        </testcase>
        <testcase classname="tests/unit/shared/tests/unit/services.test.ts" name="SessionService &gt; should create a new session" time="0.033904083">
        </testcase>
        <testcase classname="tests/unit/shared/tests/unit/services.test.ts" name="SessionService &gt; should get session by telegram ID" time="0.002331292">
        </testcase>
        <testcase classname="tests/unit/shared/tests/unit/services.test.ts" name="SessionService &gt; should return null for expired session" time="0.000835667">
        </testcase>
        <testcase classname="tests/unit/shared/tests/unit/services.test.ts" name="InvitationService &gt; should validate invitation code" time="0.004111417">
            <failure message="Invalid or inactive invitation code not found" type="NotFoundError">
NotFoundError: Invalid or inactive invitation code not found
 ❯ InvitationService.validateInvitationCode src/shared/src/services/InvitationService.ts:41:13
 ❯ tests/unit/shared/tests/unit/services.test.ts:230:20

⎯⎯⎯⎯⎯⎯⎯⎯⎯⎯⎯⎯⎯⎯⎯⎯⎯⎯⎯⎯⎯⎯⎯⎯⎯⎯⎯⎯⎯⎯
Serialized Error: { statusCode: 404, code: &apos;NOT_FOUND&apos;, timestamp: &apos;2025-08-07T03:25:43.353Z&apos;, details: undefined }
            </failure>
        </testcase>
        <testcase classname="tests/unit/shared/tests/unit/services.test.ts" name="InvitationService &gt; should throw for non-existent code" time="0.0047955">
        </testcase>
        <testcase classname="tests/unit/shared/tests/unit/services.test.ts" name="InvitationService &gt; should throw for expired code" time="0.043601417">
            <failure message="expected [Function] to throw error including &apos;Invitation code has expired&apos; but got &apos;Invalid or inactive invitation code n…&apos;" type="AssertionError">
AssertionError: expected [Function] to throw error including &apos;Invitation code has expired&apos; but got &apos;Invalid or inactive invitation code n…&apos;

Expected: &quot;Invitation code has expired&quot;
Received: &quot;Invalid or inactive invitation code not found&quot;

 ❯ tests/unit/shared/tests/unit/services.test.ts:254:5
            </failure>
        </testcase>
        <testcase classname="tests/unit/shared/tests/unit/services.test.ts" name="InvitationService &gt; should throw for code with no uses left" time="0.011441917">
            <failure message="expected [Function] to throw error including &apos;Invitation code has reached maximum u…&apos; but got &apos;Invalid or inactive invitation code n…&apos;" type="AssertionError">
AssertionError: expected [Function] to throw error including &apos;Invitation code has reached maximum u…&apos; but got &apos;Invalid or inactive invitation code n…&apos;

Expected: &quot;Invitation code has reached maximum uses&quot;
Received: &quot;Invalid or inactive invitation code not found&quot;

 ❯ tests/unit/shared/tests/unit/services.test.ts:271:5
            </failure>
        </testcase>
        <testcase classname="tests/unit/shared/tests/unit/services.test.ts" name="InvitationService &gt; should throw for inactive code" time="0.008017375">
        </testcase>
        <testcase classname="tests/unit/shared/tests/unit/services.test.ts" name="InvitationService &gt; should successfully use an invitation code" time="0.016622917">
            <failure message="Invalid or inactive invitation code not found" type="NotFoundError">
NotFoundError: Invalid or inactive invitation code not found
 ❯ src/shared/src/services/InvitationService.ts:68:15
 ❯ Object.&lt;anonymous&gt; src/shared/tests/utils/test-helpers.ts:804:14

⎯⎯⎯⎯⎯⎯⎯⎯⎯⎯⎯⎯⎯⎯⎯⎯⎯⎯⎯⎯⎯⎯⎯⎯⎯⎯⎯⎯⎯⎯
Serialized Error: { statusCode: 404, code: &apos;NOT_FOUND&apos;, timestamp: &apos;2025-08-07T03:25:43.432Z&apos;, details: undefined }
            </failure>
        </testcase>
        <testcase classname="tests/unit/shared/tests/unit/services.test.ts" name="InvitationService &gt; should fail to use an invalid code" time="0.00496275">
        </testcase>
        <testcase classname="tests/unit/shared/tests/unit/services.test.ts" name="InvitationService &gt; should test direct update operation" time="0.0056075">
            <failure message="expected 0 to be greater than 0" type="AssertionError">
AssertionError: expected 0 to be greater than 0
 ❯ tests/unit/shared/tests/unit/services.test.ts:388:32
            </failure>
        </testcase>
        <testcase classname="tests/unit/shared/tests/unit/services.test.ts" name="InvitationService &gt; should prevent a user from using a code twice" time="0.002713125">
            <failure message="Invalid or inactive invitation code not found" type="NotFoundError">
NotFoundError: Invalid or inactive invitation code not found
 ❯ src/shared/src/services/InvitationService.ts:68:15
 ❯ Object.&lt;anonymous&gt; src/shared/tests/utils/test-helpers.ts:804:14

⎯⎯⎯⎯⎯⎯⎯⎯⎯⎯⎯⎯⎯⎯⎯⎯⎯⎯⎯⎯⎯⎯⎯⎯⎯⎯⎯⎯⎯⎯
Serialized Error: { statusCode: 404, code: &apos;NOT_FOUND&apos;, timestamp: &apos;2025-08-07T03:25:43.452Z&apos;, details: undefined }
            </failure>
        </testcase>
        <testcase classname="tests/unit/shared/tests/unit/services.test.ts" name="Combined Service Workflows &gt; should handle user creation and session creation flow" time="0.01129675">
            <failure message="Failed to create user: Failed to create user: user not found after insert" type="Error">
Error: Failed to create user: Failed to create user: user not found after insert
 ❯ UserQueries.create src/db/src/utils/queries.ts:99:13
 ❯ tests/unit/shared/tests/unit/services.test.ts:463:18
            </failure>
        </testcase>
    </testsuite>
</testsuites>
